C51 COMPILER V9.02   MAIN                                                                  11/17/2016 19:46:41 PAGE 1   


C51 COMPILER V9.02, COMPILATION OF MODULE MAIN
OBJECT MODULE PLACED IN main.OBJ
COMPILER INVOKED BY: C:\Keil\C51\BIN\C51.EXE main.c LARGE BROWSE DEBUG OBJECTEXTEND

line level    source

   1          #include <REG51.H>
   2          
   3          //LED Blink
   4          
   5          sbit DS = P0^1;
   6          sbit SH_CP = P0^0;
   7          sbit ST_CP = P0^2;
   8          
   9          
  10          void delay_ms(unsigned int x)    // delays x msec (at fosc=11.0592MHz)
  11          {
  12   1              unsigned char j=0;
  13   1              while(x-- > 0)
  14   1              {
  15   2                      for (j=0; j<125; j++){;}
  16   2              }
  17   1      }
  18          void display_data(unsigned char temp){
  19   1       unsigned char Mask = 0x01, t, Flag;
  20   1        for (t=0; t<8; t++){
  21   2         Flag = temp & Mask;
  22   2         if(Flag==0) DS = 0;
  23   2         else DS = 1;
  24   2         SH_CP = 1;
  25   2         SH_CP = 0;
  26   2         Mask = Mask << 1;
  27   2        }
  28   1        // Apply clock on ST_Clk
  29   1        ST_CP = 1;
  30   1        ST_CP = 0;
  31   1        //delay_ms(200);
  32   1      }
  33          void main()
  34          {   
  35   1          unsigned char count = 0x00, select_line = 0x00;
  36   1          unsigned char ascii_data [] = {0x0C, 0x1E, 0x33, 0x33, 0x3F, 0x33, 0x33, 0x00};
  37   1      
  38   1              while(1)
  39   1              {
  40   2              for (count = 0x00; count < 8; count ++) {               
  41   3                  display_data (ascii_data [count]);
  42   3                  select_line = (0xFF & ~(0x01 << count));
  43   3                  P3 = select_line;
  44   3                  delay_ms(10);
  45   3              }
  46   2      
  47   2              } 
  48   1           //test counter
  49   1          /*RESET_LINE = 1;
  50   1          RESET_LINE = 0;
  51   1          while (1) {
  52   1              NEXT_LINE = 1;
  53   1              NEXT_LINE = 0;               
  54   1              delay_ms(100);                   
  55   1          }*/
C51 COMPILER V9.02   MAIN                                                                  11/17/2016 19:46:41 PAGE 2   

  56   1      
  57   1          /*
  58   1          while (1) {
  59   1              ST_CP = 1;
  60   1              delay_ms(100);
  61   1              ST_CP = 0;    
  62   1              delay_ms(100);           
  63   1          } */
  64   1          /*
  65   1          while (1) {
  66   1              for (count1 = 0x00; count1 < 8; count1 ++) {
  67   1                  for (count = 0x00; count < 8; count ++) {           
  68   1                      if (flag == 0x00) {
  69   1                          DS = 0;
  70   1                          flag = 1; 
  71   1                      }
  72   1                      else {
  73   1                          DS = 1;
  74   1                          flag = 0x00;
  75   1                      }
  76   1                      SH_CP = 1;    
  77   1                      SH_CP = 0;    
  78   1                  }
  79   1              ST_CP = 1;    
  80   1              ST_CP = 0;  
  81   1              delay_ms(100);                   
  82   1              }
  83   1              RESET_LINE = 1;        
  84   1              RESET_LINE = 0;
  85   1          }*/ 
  86   1      }


MODULE INFORMATION:   STATIC OVERLAYABLE
   CODE SIZE        =    152    ----
   CONSTANT SIZE    =      8    ----
   XDATA SIZE       =   ----      10
   PDATA SIZE       =   ----    ----
   DATA SIZE        =   ----    ----
   IDATA SIZE       =   ----    ----
   BIT SIZE         =   ----    ----
END OF MODULE INFORMATION.


C51 COMPILATION COMPLETE.  0 WARNING(S),  0 ERROR(S)
